<?xml version="1.0" encoding="UTF-8"?>
<testsuite name="springbootcamp.mainfinalproject.UserTests" tests="1" skipped="0" failures="0" errors="0" timestamp="2022-09-23T19:02:06" hostname="COMPUTER" time="0.351">
  <properties/>
  <testcase name="testSignUpUser()" classname="springbootcamp.mainfinalproject.UserTests" time="0.351"/>
  <system-out><![CDATA[2022-09-24 01:02:06.611  INFO 9472 --- [    Test worker] .b.t.c.SpringBootTestContextBootstrapper : Neither @ContextConfiguration nor @ContextHierarchy found for test class [springbootcamp.mainfinalproject.UserTests], using SpringBootContextLoader
2022-09-24 01:02:06.612  INFO 9472 --- [    Test worker] o.s.t.c.support.AbstractContextLoader    : Could not detect default resource locations for test class [springbootcamp.mainfinalproject.UserTests]: no resource found for suffixes {-context.xml, Context.groovy}.
2022-09-24 01:02:06.612  INFO 9472 --- [    Test worker] t.c.s.AnnotationConfigContextLoaderUtils : Could not detect default configuration classes for test class [springbootcamp.mainfinalproject.UserTests]: UserTests does not declare any static, non-private, non-final, nested classes annotated with @Configuration.
2022-09-24 01:02:06.614  INFO 9472 --- [    Test worker] .b.t.c.SpringBootTestContextBootstrapper : Found @SpringBootConfiguration springbootcamp.mainfinalproject.MainfinalprojectApplication for test class springbootcamp.mainfinalproject.UserTests
2022-09-24 01:02:06.615  INFO 9472 --- [    Test worker] .b.t.c.SpringBootTestContextBootstrapper : Loaded default TestExecutionListener class names from location [META-INF/spring.factories]: [org.springframework.security.test.context.support.WithSecurityContextTestExecutionListener, org.springframework.security.test.context.support.ReactorContextTestExecutionListener, org.springframework.boot.test.autoconfigure.restdocs.RestDocsTestExecutionListener, org.springframework.boot.test.autoconfigure.web.client.MockRestServiceServerResetTestExecutionListener, org.springframework.boot.test.autoconfigure.web.servlet.MockMvcPrintOnlyOnFailureTestExecutionListener, org.springframework.boot.test.autoconfigure.web.servlet.WebDriverTestExecutionListener, org.springframework.boot.test.autoconfigure.webservices.client.MockWebServiceServerTestExecutionListener, org.springframework.boot.test.mock.mockito.MockitoTestExecutionListener, org.springframework.boot.test.mock.mockito.ResetMocksTestExecutionListener, org.springframework.test.context.web.ServletTestExecutionListener, org.springframework.test.context.support.DirtiesContextBeforeModesTestExecutionListener, org.springframework.test.context.event.ApplicationEventsTestExecutionListener, org.springframework.test.context.support.DependencyInjectionTestExecutionListener, org.springframework.test.context.support.DirtiesContextTestExecutionListener, org.springframework.test.context.transaction.TransactionalTestExecutionListener, org.springframework.test.context.jdbc.SqlScriptsTestExecutionListener, org.springframework.test.context.event.EventPublishingTestExecutionListener]
2022-09-24 01:02:06.616  INFO 9472 --- [    Test worker] .b.t.c.SpringBootTestContextBootstrapper : Using TestExecutionListeners: [org.springframework.test.context.web.ServletTestExecutionListener@4ae45ff, org.springframework.test.context.support.DirtiesContextBeforeModesTestExecutionListener@3cced001, org.springframework.test.context.event.ApplicationEventsTestExecutionListener@6c927487, org.springframework.boot.test.mock.mockito.MockitoTestExecutionListener@79d31e24, org.springframework.boot.test.autoconfigure.SpringBootDependencyInjectionTestExecutionListener@f243d5c, org.springframework.test.context.support.DirtiesContextTestExecutionListener@45a0ba61, org.springframework.test.context.transaction.TransactionalTestExecutionListener@3a69c81e, org.springframework.test.context.jdbc.SqlScriptsTestExecutionListener@5b2ac349, org.springframework.security.test.context.support.WithSecurityContextTestExecutionListener@754acbad, org.springframework.test.context.event.EventPublishingTestExecutionListener@357904d7, org.springframework.security.test.context.support.ReactorContextTestExecutionListener@41a4135e, org.springframework.boot.test.autoconfigure.restdocs.RestDocsTestExecutionListener@4c19b0a8, org.springframework.boot.test.autoconfigure.web.client.MockRestServiceServerResetTestExecutionListener@6f2d0d25, org.springframework.boot.test.autoconfigure.web.servlet.MockMvcPrintOnlyOnFailureTestExecutionListener@128fe3ab, org.springframework.boot.test.autoconfigure.web.servlet.WebDriverTestExecutionListener@73502c47, org.springframework.boot.test.autoconfigure.webservices.client.MockWebServiceServerTestExecutionListener@724d4e75, org.springframework.boot.test.mock.mockito.ResetMocksTestExecutionListener@750e313c]
]]></system-out>
  <system-err><![CDATA[]]></system-err>
</testsuite>
